::1 - - [20/Sep/2024:14:39:32 +0000] "GET /taskManager HTTP/1.1" - -
::1 - - [20/Sep/2024:14:39:32 +0000] "GET /taskManager HTTP/1.1" - -
::1 - - [20/Sep/2024:15:06:48 +0000] "GET /taskManager HTTP/1.1" - -
::1 - - [20/Sep/2024:15:07:11 +0000] "GET /taskManager HTTP/1.1" - -
::1 - - [20/Sep/2024:15:07:30 +0000] "GET /task HTTP/1.1" - -
::1 - - [20/Sep/2024:15:09:41 +0000] "GET /taskManager HTTP/1.1" - -
::1 - - [20/Sep/2024:15:09:43 +0000] "GET /taskManager HTTP/1.1" - -
::1 - - [20/Sep/2024:15:13:57 +0000] "GET /taskManager HTTP/1.1" - -
::1 - - [20/Sep/2024:15:13:58 +0000] "GET /taskManager HTTP/1.1" - -
::1 - - [20/Sep/2024:15:13:59 +0000] "GET /taskManager HTTP/1.1" - -
::1 - - [20/Sep/2024:15:38:25 +0000] "GET /taskManager HTTP/1.1" - -
::1 - - [20/Sep/2024:15:38:27 +0000] "GET /movie/delete/1 HTTP/1.1" - -
::1 - - [20/Sep/2024:15:38:57 +0000] "GET /movie/delete/1 HTTP/1.1" - -
::1 - - [20/Sep/2024:15:38:58 +0000] "GET /movie/delete/1 HTTP/1.1" - -
::1 - - [20/Sep/2024:15:39:01 +0000] "GET /movie/ HTTP/1.1" - -
::1 - - [20/Sep/2024:15:39:04 +0000] "GET /movie HTTP/1.1" - -
::1 - - [20/Sep/2024:15:39:08 +0000] "GET / HTTP/1.1" - -
::1 - - [20/Sep/2024:15:39:08 +0000] "GET /taskManager HTTP/1.1" - -
::1 - - [20/Sep/2024:15:39:10 +0000] "GET /movie/delete/2 HTTP/1.1" - -
::1 - - [20/Sep/2024:15:42:59 +0000] "GET /movie/delete/2 HTTP/1.1" - -
::1 - - [20/Sep/2024:15:43:02 +0000] "GET / HTTP/1.1" - -
::1 - - [20/Sep/2024:15:43:02 +0000] "GET /taskManager HTTP/1.1" - -
::1 - - [20/Sep/2024:15:46:25 +0000] "GET /taskManager HTTP/1.1" - -
::1 - - [20/Sep/2024:15:46:26 +0000] "GET /movie/delete/1 HTTP/1.1" - -
::1 - - [20/Sep/2024:15:48:16 +0000] "GET /taskManager HTTP/1.1" - -
::1 - - [20/Sep/2024:15:48:17 +0000] "GET /movie/delete/3 HTTP/1.1" - -
::1 - - [21/Sep/2024:09:09:28 +0000] "GET /movie/delete/3 HTTP/1.1" - -
::1 - - [21/Sep/2024:10:38:02 +0000] "GET / HTTP/1.1" - -
::1 - - [21/Sep/2024:10:38:02 +0000] "GET /taskManager HTTP/1.1" - -
::1 - - [21/Sep/2024:14:57:01 +0000] "GET /taskManager HTTP/1.1" - -
::1 - - [21/Sep/2024:14:57:02 +0000] "GET /taskManager HTTP/1.1" - -
::1 - - [21/Sep/2024:14:58:50 +0000] "GET /task/form HTTP/1.1" - -
::1 - - [21/Sep/2024:14:58:57 +0000] "GET /task/form HTTP/1.1" - -
::1 - - [21/Sep/2024:15:21:03 +0000] "GET /taskManager HTTP/1.1" - -
::1 - - [21/Sep/2024:15:26:12 +0000] "GET /taskManager HTTP/1.1" - -
::1 - - [21/Sep/2024:15:26:13 +0000] "GET /taskManager HTTP/1.1" - -
::1 - - [21/Sep/2024:15:26:17 +0000] "GET /task HTTP/1.1" - -
::1 - - [21/Sep/2024:15:26:19 +0000] "GET /task HTTP/1.1" - -
::1 - - [21/Sep/2024:15:26:20 +0000] "GET /task/form HTTP/1.1" - -
::1 - - [26/Sep/2024:08:35:35 +0000] "GET / HTTP/1.1" - -
::1 - - [26/Sep/2024:08:35:35 +0000] "GET /task HTTP/1.1" - -
::1 - - [26/Sep/2024:08:35:37 +0000] "GET /task/form HTTP/1.1" - -
::1 - - [26/Sep/2024:09:04:46 +0000] "GET / HTTP/1.1" - -
::1 - - [26/Sep/2024:09:04:46 +0000] "GET /task HTTP/1.1" - -
::1 - - [26/Sep/2024:09:04:48 +0000] "GET /task HTTP/1.1" - -
::1 - - [26/Sep/2024:09:04:50 +0000] "GET /task/delete/1 HTTP/1.1" - -
::1 - - [26/Sep/2024:09:04:50 +0000] "GET /task HTTP/1.1" - -
::1 - - [26/Sep/2024:09:04:53 +0000] "GET /task/delete/3 HTTP/1.1" - -
::1 - - [26/Sep/2024:09:04:53 +0000] "GET /task HTTP/1.1" - -
::1 - - [26/Sep/2024:09:04:54 +0000] "GET /task HTTP/1.1" - -
::1 - - [26/Sep/2024:09:04:55 +0000] "GET /task HTTP/1.1" - -
::1 - - [26/Sep/2024:09:04:55 +0000] "GET /task HTTP/1.1" - -
::1 - - [26/Sep/2024:09:04:55 +0000] "GET /task HTTP/1.1" - -
::1 - - [26/Sep/2024:09:04:56 +0000] "GET /task/form/2 HTTP/1.1" - -
::1 - - [26/Sep/2024:09:08:38 +0000] "GET / HTTP/1.1" - -
::1 - - [26/Sep/2024:09:08:38 +0000] "GET /task HTTP/1.1" - -
::1 - - [26/Sep/2024:09:08:40 +0000] "GET /task/form/3 HTTP/1.1" - -
::1 - - [26/Sep/2024:09:08:40 +0000] "GET /style.css HTTP/1.1" - -
::1 - - [26/Sep/2024:09:08:52 +0000] "POST /task/save HTTP/1.1" - -
